<?xml version="1.0" encoding="UTF-8"?>
<testsuite xmlns:xsi="http://www.w3.org/2001/XMLSchema-instance" xsi:noNamespaceSchemaLocation="https://maven.apache.org/surefire/maven-surefire-plugin/xsd/surefire-test-report.xsd" name="com.mindtree.runner.Runner" time="209.009" tests="9" errors="0" skipped="0" failures="0">
  <properties>
[...]
</properties>
  <testcase name="Centigrade to Fahrenheit Converter through standard java program" classname="I want to convert the given centigrade temperature value into" time="0.233"/>
  <testcase name="Centigrade to Fahrenheit Converter through standard java program" classname="I want to convert the given centigrade temperature value into" time="0.064"/>
  <testcase name="Centigrade to Fahrenheit Converter through standard java program" classname="I want to convert the given centigrade temperature value into" time="0.073"/>
  <testcase name="Centigrade to Fahrenheit Converter through Application" classname="I want to convert the given centigrade temperature value into" time="116.964"/>
  <testcase name="Centigrade to Fahrenheit Converter through Application" classname="I want to convert the given centigrade temperature value into" time="38.89"/>
  <testcase name="Centigrade to Fahrenheit Converter through Application" classname="I want to convert the given centigrade temperature value into" time="43.821"/>
  <testcase name="search github repositories using keyword" classname="I want to search the Github Repositories so that can use them for my project purpose" time="2.456"/>
  <testcase name="search github repositories using keyword" classname="I want to search the Github Repositories so that can use them for my project purpose" time="1.934"/>
  <testcase name="search github repositories using keyword" classname="I want to search the Github Repositories so that can use them for my project purpose" time="2.277"/>
</testsuite>